{"E:\\CRM Application\\CRM_BACKEND\\configs\\auth.config.js": {"path":"E:\\CRM Application\\CRM_BACKEND\\configs\\auth.config.js","statementMap":{"0":{"start":{"line":1,"column":0},"end":{"line":3,"column":1}}},"fnMap":{},"branchMap":{},"s":{"0":1},"f":{},"b":{},"_coverageSchema":"1a1c01bbd47fc00a2c39e90264f33305004495a9","hash":"3e53cc9b73249bd1a9ebc6352e84b269c6d14613"}
,"E:\\CRM Application\\CRM_BACKEND\\controllers\\auth.controller.js": {"path":"E:\\CRM Application\\CRM_BACKEND\\controllers\\auth.controller.js","statementMap":{"0":{"start":{"line":1,"column":18},"end":{"line":1,"column":47}},"1":{"start":{"line":2,"column":13},"end":{"line":2,"column":44}},"2":{"start":{"line":3,"column":15},"end":{"line":3,"column":34}},"3":{"start":{"line":4,"column":12},"end":{"line":4,"column":35}},"4":{"start":{"line":5,"column":19},"end":{"line":5,"column":52}},"5":{"start":{"line":7,"column":0},"end":{"line":43,"column":1}},"6":{"start":{"line":8,"column":21},"end":{"line":8,"column":40}},"7":{"start":{"line":9,"column":19},"end":{"line":9,"column":36}},"8":{"start":{"line":10,"column":4},"end":{"line":14,"column":5}},"9":{"start":{"line":11,"column":8},"end":{"line":11,"column":50}},"10":{"start":{"line":13,"column":8},"end":{"line":13,"column":49}},"11":{"start":{"line":16,"column":4},"end":{"line":42,"column":5}},"12":{"start":{"line":17,"column":27},"end":{"line":24,"column":10}},"13":{"start":{"line":26,"column":29},"end":{"line":34,"column":9}},"14":{"start":{"line":36,"column":8},"end":{"line":36,"column":42}},"15":{"start":{"line":38,"column":8},"end":{"line":38,"column":61}},"16":{"start":{"line":39,"column":8},"end":{"line":41,"column":10}},"17":{"start":{"line":45,"column":0},"end":{"line":82,"column":1}},"18":{"start":{"line":46,"column":17},"end":{"line":46,"column":62}},"19":{"start":{"line":47,"column":4},"end":{"line":52,"column":5}},"20":{"start":{"line":48,"column":8},"end":{"line":50,"column":10}},"21":{"start":{"line":51,"column":8},"end":{"line":51,"column":15}},"22":{"start":{"line":54,"column":4},"end":{"line":59,"column":5}},"23":{"start":{"line":55,"column":8},"end":{"line":57,"column":10}},"24":{"start":{"line":58,"column":8},"end":{"line":58,"column":15}},"25":{"start":{"line":62,"column":26},"end":{"line":62,"column":78}},"26":{"start":{"line":64,"column":4},"end":{"line":68,"column":5}},"27":{"start":{"line":65,"column":8},"end":{"line":67,"column":10}},"28":{"start":{"line":70,"column":16},"end":{"line":72,"column":6}},"29":{"start":{"line":74,"column":4},"end":{"line":81,"column":6}}},"fnMap":{"0":{"name":"(anonymous_0)","decl":{"start":{"line":7,"column":17},"end":{"line":7,"column":18}},"loc":{"start":{"line":7,"column":37},"end":{"line":43,"column":1}},"line":7},"1":{"name":"(anonymous_1)","decl":{"start":{"line":45,"column":17},"end":{"line":45,"column":18}},"loc":{"start":{"line":45,"column":37},"end":{"line":82,"column":1}},"line":45}},"branchMap":{"0":{"loc":{"start":{"line":10,"column":4},"end":{"line":14,"column":5}},"type":"if","locations":[{"start":{"line":10,"column":4},"end":{"line":14,"column":5}},{"start":{"line":12,"column":9},"end":{"line":14,"column":5}}],"line":10},"1":{"loc":{"start":{"line":47,"column":4},"end":{"line":52,"column":5}},"type":"if","locations":[{"start":{"line":47,"column":4},"end":{"line":52,"column":5}},{"start":{},"end":{}}],"line":47},"2":{"loc":{"start":{"line":54,"column":4},"end":{"line":59,"column":5}},"type":"if","locations":[{"start":{"line":54,"column":4},"end":{"line":59,"column":5}},{"start":{},"end":{}}],"line":54},"3":{"loc":{"start":{"line":64,"column":4},"end":{"line":68,"column":5}},"type":"if","locations":[{"start":{"line":64,"column":4},"end":{"line":68,"column":5}},{"start":{},"end":{}}],"line":64}},"s":{"0":1,"1":1,"2":1,"3":1,"4":1,"5":1,"6":0,"7":0,"8":0,"9":0,"10":0,"11":0,"12":0,"13":0,"14":0,"15":0,"16":0,"17":1,"18":0,"19":0,"20":0,"21":0,"22":0,"23":0,"24":0,"25":0,"26":0,"27":0,"28":0,"29":0},"f":{"0":0,"1":0},"b":{"0":[0,0],"1":[0,0],"2":[0,0],"3":[0,0]},"_coverageSchema":"1a1c01bbd47fc00a2c39e90264f33305004495a9","hash":"78f3d982c1d29d73bd5ab13b944600d1263501b2"}
,"E:\\CRM Application\\CRM_BACKEND\\models\\user.model.js": {"path":"E:\\CRM Application\\CRM_BACKEND\\models\\user.model.js","statementMap":{"0":{"start":{"line":1,"column":17},"end":{"line":1,"column":36}},"1":{"start":{"line":3,"column":19},"end":{"line":50,"column":2}},"2":{"start":{"line":36,"column":24},"end":{"line":36,"column":42}},"3":{"start":{"line":40,"column":24},"end":{"line":40,"column":42}},"4":{"start":{"line":52,"column":0},"end":{"line":52,"column":52}}},"fnMap":{"0":{"name":"(anonymous_0)","decl":{"start":{"line":36,"column":17},"end":{"line":36,"column":18}},"loc":{"start":{"line":36,"column":23},"end":{"line":36,"column":43}},"line":36},"1":{"name":"(anonymous_1)","decl":{"start":{"line":40,"column":17},"end":{"line":40,"column":18}},"loc":{"start":{"line":40,"column":23},"end":{"line":40,"column":43}},"line":40}},"branchMap":{},"s":{"0":1,"1":1,"2":0,"3":0,"4":1},"f":{"0":0,"1":0},"b":{},"_coverageSchema":"1a1c01bbd47fc00a2c39e90264f33305004495a9","hash":"1ac845dfdd78008f234c89e95f3f9f38e84779d8"}
,"E:\\CRM Application\\CRM_BACKEND\\tests\\db.js": {"path":"E:\\CRM Application\\CRM_BACKEND\\tests\\db.js","statementMap":{"0":{"start":{"line":1,"column":17},"end":{"line":1,"column":36}},"1":{"start":{"line":2,"column":28},"end":{"line":2,"column":60}},"2":{"start":{"line":7,"column":0},"end":{"line":17,"column":1}},"3":{"start":{"line":8,"column":4},"end":{"line":16,"column":5}},"4":{"start":{"line":9,"column":8},"end":{"line":9,"column":50}},"5":{"start":{"line":10,"column":20},"end":{"line":10,"column":35}},"6":{"start":{"line":11,"column":29},"end":{"line":14,"column":9}},"7":{"start":{"line":15,"column":8},"end":{"line":15,"column":43}},"8":{"start":{"line":20,"column":0},"end":{"line":26,"column":1}},"9":{"start":{"line":21,"column":4},"end":{"line":21,"column":45}},"10":{"start":{"line":22,"column":4},"end":{"line":22,"column":38}},"11":{"start":{"line":23,"column":4},"end":{"line":25,"column":5}},"12":{"start":{"line":24,"column":8},"end":{"line":24,"column":27}},"13":{"start":{"line":29,"column":0},"end":{"line":36,"column":1}},"14":{"start":{"line":30,"column":24},"end":{"line":30,"column":61}},"15":{"start":{"line":32,"column":4},"end":{"line":35,"column":5}},"16":{"start":{"line":33,"column":27},"end":{"line":33,"column":41}},"17":{"start":{"line":34,"column":8},"end":{"line":34,"column":31}}},"fnMap":{"0":{"name":"(anonymous_0)","decl":{"start":{"line":7,"column":25},"end":{"line":7,"column":26}},"loc":{"start":{"line":7,"column":37},"end":{"line":17,"column":1}},"line":7},"1":{"name":"(anonymous_1)","decl":{"start":{"line":20,"column":31},"end":{"line":20,"column":32}},"loc":{"start":{"line":20,"column":43},"end":{"line":26,"column":1}},"line":20},"2":{"name":"(anonymous_2)","decl":{"start":{"line":29,"column":31},"end":{"line":29,"column":32}},"loc":{"start":{"line":29,"column":43},"end":{"line":36,"column":1}},"line":29}},"branchMap":{"0":{"loc":{"start":{"line":8,"column":4},"end":{"line":16,"column":5}},"type":"if","locations":[{"start":{"line":8,"column":4},"end":{"line":16,"column":5}},{"start":{},"end":{}}],"line":8},"1":{"loc":{"start":{"line":23,"column":4},"end":{"line":25,"column":5}},"type":"if","locations":[{"start":{"line":23,"column":4},"end":{"line":25,"column":5}},{"start":{},"end":{}}],"line":23}},"s":{"0":1,"1":1,"2":1,"3":1,"4":1,"5":1,"6":1,"7":1,"8":1,"9":1,"10":1,"11":1,"12":1,"13":1,"14":6,"15":6,"16":6,"17":6},"f":{"0":1,"1":1,"2":6},"b":{"0":[1,0],"1":[1,0]},"_coverageSchema":"1a1c01bbd47fc00a2c39e90264f33305004495a9","hash":"3ba240eabc91db6db7d7d222af6e1b629551c114"}
,"E:\\CRM Application\\CRM_BACKEND\\tests\\interceptor.js": {"path":"E:\\CRM Application\\CRM_BACKEND\\tests\\interceptor.js","statementMap":{"0":{"start":{"line":1,"column":0},"end":{"line":16,"column":1}},"1":{"start":{"line":3,"column":20},"end":{"line":3,"column":22}},"2":{"start":{"line":4,"column":8},"end":{"line":4,"column":49}},"3":{"start":{"line":5,"column":8},"end":{"line":5,"column":51}},"4":{"start":{"line":6,"column":8},"end":{"line":6,"column":19}},"5":{"start":{"line":10,"column":20},"end":{"line":10,"column":22}},"6":{"start":{"line":11,"column":8},"end":{"line":11,"column":50}},"7":{"start":{"line":12,"column":8},"end":{"line":12,"column":51}},"8":{"start":{"line":13,"column":8},"end":{"line":13,"column":49}},"9":{"start":{"line":14,"column":8},"end":{"line":14,"column":18}}},"fnMap":{"0":{"name":"(anonymous_0)","decl":{"start":{"line":2,"column":17},"end":{"line":2,"column":18}},"loc":{"start":{"line":2,"column":23},"end":{"line":7,"column":5}},"line":2},"1":{"name":"(anonymous_1)","decl":{"start":{"line":9,"column":18},"end":{"line":9,"column":19}},"loc":{"start":{"line":9,"column":24},"end":{"line":15,"column":5}},"line":9}},"branchMap":{},"s":{"0":1,"1":0,"2":0,"3":0,"4":0,"5":0,"6":0,"7":0,"8":0,"9":0},"f":{"0":0,"1":0},"b":{},"_coverageSchema":"1a1c01bbd47fc00a2c39e90264f33305004495a9","hash":"6284c02c0d5d968404f59a48b2cc14f467a89801"}
,"E:\\CRM Application\\CRM_BACKEND\\utils\\constants.js": {"path":"E:\\CRM Application\\CRM_BACKEND\\utils\\constants.js","statementMap":{"0":{"start":{"line":1,"column":0},"end":{"line":19,"column":1}}},"fnMap":{},"branchMap":{},"s":{"0":1},"f":{},"b":{},"_coverageSchema":"1a1c01bbd47fc00a2c39e90264f33305004495a9","hash":"067fc5b94ea5b3de88085d338e342e0496a70bc6"}
}
